# JRE version: Java(TM) SE Runtime Environment (25.0.1+8) (build 25.0.1+8-LTS-27)
# Java VM: Java HotSpot(TM) 64-Bit Server VM (25.0.1+8-LTS-27, mixed mode, sharing, tiered, compressed oops, compressed class ptrs, g1 gc, windows-amd64)
GC Precious Log:
 CardTable entry size: 512
 Card Set container configuration: InlinePtr #cards 4 size 8 Array Of Cards #cards 16 size 48 Howl #buckets 8 coarsen threshold 3686 Howl Bitmap #cards 512 size 80 coarsen threshold 460 Card regions per heap region 1 cards per card region 4096
 CPUs: 4 total, 4 available
 Memory: 16263M
 Large Page Support: Disabled
 NUMA Support: Disabled
 Compressed Oops: Enabled (Zero based)
 Heap Region Size: 2M
 Heap Min Capacity: 8M
 Heap Initial Capacity: 256M
 Heap Max Capacity: 4066M
 Pre-touch: Disabled
 Parallel Workers: 4
 Concurrent Workers: 1
 Concurrent Refinement Workers: 4
 Periodic GC: Disabled
Heap:
 garbage-first heap   total reserved 4163584K, committed 108544K, used 64121K [0x0000000701e00000, 0x0000000800000000)
  region size 2048K, 19 young (38912K), 2 survivors (4096K)
GC Heap Usage History (10 events):
Event: 1.279 {heap Before GC invocations=0 (full 0):
 garbage-first heap   total reserved 4163584K, committed 264192K, used 29845K [0x0000000701e00000, 0x0000000800000000)
  region size 2048K, 14 young (28672K), 0 survivors (0K)
}
Event: 1.286 {heap After GC invocations=1 (full 0):
 garbage-first heap   total reserved 4163584K, committed 264192K, used 4485K [0x0000000701e00000, 0x0000000800000000)
  region size 2048K, 2 young (4096K), 2 survivors (4096K)
}
Event: 7.142 {heap Before GC invocations=1 (full 0):
 garbage-first heap   total reserved 4163584K, committed 264192K, used 113029K [0x0000000701e00000, 0x0000000800000000)
  region size 2048K, 54 young (110592K), 2 survivors (4096K)
}
Event: 7.169 {heap After GC invocations=2 (full 0):
 garbage-first heap   total reserved 4163584K, committed 264192K, used 19736K [0x0000000701e00000, 0x0000000800000000)
  region size 2048K, 7 young (14336K), 7 survivors (14336K)
}
Event: 7.355 {heap Before GC invocations=2 (full 0):
 garbage-first heap   total reserved 4163584K, committed 264192K, used 29976K [0x0000000701e00000, 0x0000000800000000)
  region size 2048K, 11 young (22528K), 7 survivors (14336K)
}
Event: 7.378 {heap After GC invocations=3 (full 0):
 garbage-first heap   total reserved 4163584K, committed 264192K, used 25275K [0x0000000701e00000, 0x0000000800000000)
  region size 2048K, 3 young (6144K), 3 survivors (6144K)
}
Event: 9.865 {heap Before GC invocations=4 (full 0):
 garbage-first heap   total reserved 4163584K, committed 90112K, used 86715K [0x0000000701e00000, 0x0000000800000000)
  region size 2048K, 34 young (69632K), 3 survivors (6144K)
}
Event: 9.897 {heap After GC invocations=5 (full 0):
 garbage-first heap   total reserved 4163584K, committed 108544K, used 36868K [0x0000000701e00000, 0x0000000800000000)
  region size 2048K, 8 young (16384K), 8 survivors (16384K)
}
Event: 11.028 {heap Before GC invocations=5 (full 0):
 garbage-first heap   total reserved 4163584K, committed 108544K, used 73732K [0x0000000701e00000, 0x0000000800000000)
  region size 2048K, 26 young (53248K), 8 survivors (16384K)
}
Event: 11.056 {heap After GC invocations=6 (full 0):
 garbage-first heap   total reserved 4163584K, committed 108544K, used 33401K [0x0000000701e00000, 0x0000000800000000)
  region size 2048K, 2 young (4096K), 2 survivors (4096K)
}

