[INFO] Scanning for projects...
[INFO] 
[INFO] --------------< com.stockSystem:stock-management-system >---------------
[INFO] Building stock-management-system 1.0-SNAPSHOT
[INFO]   from pom.xml
[INFO] --------------------------------[ jar ]---------------------------------
[WARNING] 6 problems were encountered while building the effective model for org.openjfx:javafx-controls:jar:17.0.8 during dependency collection step for project (use -X to see details)
[INFO] 
[INFO] --- clean:3.2.0:clean (default-clean) @ stock-management-system ---
[INFO] Deleting C:\Users\nabil\Desktop\jfx\target
[INFO] 
[INFO] --- resources:3.3.1:resources (default-resources) @ stock-management-system ---
[INFO] Copying 2 resources from src\main\resources to target\classes
[INFO] 
[INFO] --- compiler:3.11.0:compile (default-compile) @ stock-management-system ---
[INFO] Changes detected - recompiling the module! :source
[INFO] Compiling 11 source files with javac [debug release 17] to target\classes
[INFO] -------------------------------------------------------------
[ERROR] COMPILATION ERROR : 
[INFO] -------------------------------------------------------------
[ERROR] /C:/Users/nabil/Desktop/jfx/src/main/java/com/stockSystem/service/StockService.java:[29,24] cannot find symbol
  symbol:   method getQuantity()
  location: variable product of type com.stockSystem.model.Product
[ERROR] /C:/Users/nabil/Desktop/jfx/src/main/java/com/stockSystem/service/StockService.java:[30,96] cannot find symbol
  symbol:   method getName()
  location: variable product of type com.stockSystem.model.Product
[ERROR] /C:/Users/nabil/Desktop/jfx/src/main/java/com/stockSystem/service/StockService.java:[32,40] cannot find symbol
  symbol:   method getQuantity()
  location: variable product of type com.stockSystem.model.Product
[ERROR] /C:/Users/nabil/Desktop/jfx/src/main/java/com/stockSystem/service/StockService.java:[34,40] cannot find symbol
  symbol:   method getQuantity()
  location: variable product of type com.stockSystem.model.Product
[INFO] 4 errors 
[INFO] -------------------------------------------------------------
[INFO] ------------------------------------------------------------------------
[INFO] BUILD FAILURE
[INFO] ------------------------------------------------------------------------
[INFO] Total time:  2.612 s
[INFO] Finished at: 2026-01-05T21:47:42+01:00
[INFO] ------------------------------------------------------------------------
[ERROR] Failed to execute goal org.apache.maven.plugins:maven-compiler-plugin:3.11.0:compile (default-compile) on project stock-management-system: Compilation failure: Compilation failure: 
[ERROR] /C:/Users/nabil/Desktop/jfx/src/main/java/com/stockSystem/service/StockService.java:[29,24] cannot find symbol
[ERROR]   symbol:   method getQuantity()
[ERROR]   location: variable product of type com.stockSystem.model.Product
[ERROR] /C:/Users/nabil/Desktop/jfx/src/main/java/com/stockSystem/service/StockService.java:[30,96] cannot find symbol
[ERROR]   symbol:   method getName()
[ERROR]   location: variable product of type com.stockSystem.model.Product
[ERROR] /C:/Users/nabil/Desktop/jfx/src/main/java/com/stockSystem/service/StockService.java:[32,40] cannot find symbol
[ERROR]   symbol:   method getQuantity()
[ERROR]   location: variable product of type com.stockSystem.model.Product
[ERROR] /C:/Users/nabil/Desktop/jfx/src/main/java/com/stockSystem/service/StockService.java:[34,40] cannot find symbol
[ERROR]   symbol:   method getQuantity()
[ERROR]   location: variable product of type com.stockSystem.model.Product
[ERROR] -> [Help 1]
[ERROR] 
[ERROR] To see the full stack trace of the errors, re-run Maven with the -e switch.
[ERROR] Re-run Maven using the -X switch to enable full debug logging.
[ERROR] 
[ERROR] For more information about the errors and possible solutions, please read the following articles:
[ERROR] [Help 1] http://cwiki.apache.org/confluence/display/MAVEN/MojoFailureException
